app/build/outputs/logs/manifest-merger-debug-report.txt
-- Merging decision tree log ---
manifest
ADDED from src\main\AndroidManifest.xml:2:1-168:12
	package
		ADDED from src\main\AndroidManifest.xml:3:5-31
		INJECTED from src\main\AndroidManifest.xml
		INJECTED from src\main\AndroidManifest.xml
	android:versionName
		ADDED from src\main\AndroidManifest.xml:5:5-30
		INJECTED from src\main\AndroidManifest.xml
		INJECTED from src\main\AndroidManifest.xml
	android:versionCode
		ADDED from src\main\AndroidManifest.xml:4:5-28
		INJECTED from src\main\AndroidManifest.xml
		INJECTED from src\main\AndroidManifest.xml
	xmlns:android
		ADDED from src\main\AndroidManifest.xml:2:11-69
uses-sdk
ADDED from src\main\AndroidManifest.xml:7:5-9:41
	android:targetSdkVersion
		ADDED from src\main\AndroidManifest.xml:9:9-38
		INJECTED from src\main\AndroidManifest.xml
		INJECTED from src\main\AndroidManifest.xml
	android:minSdkVersion
		ADDED from src\main\AndroidManifest.xml:8:9-34
		INJECTED from src\main\AndroidManifest.xml
		INJECTED from src\main\AndroidManifest.xml
supports-screens
ADDED from src\main\AndroidManifest.xml:11:5-15:39
	android:largeScreens
		ADDED from src\main\AndroidManifest.xml:13:9-36
	android:smallScreens
		ADDED from src\main\AndroidManifest.xml:15:9-36
	android:normalScreens
		ADDED from src\main\AndroidManifest.xml:14:9-37
	android:anyDensity
		ADDED from src\main\AndroidManifest.xml:12:9-34
uses-permission#android.permission.INTERNET
ADDED from src\main\AndroidManifest.xml:17:5-67
	android:name
		ADDED from src\main\AndroidManifest.xml:17:22-64
uses-permission#android.permission.WRITE_EXTERNAL_STORAGE
ADDED from src\main\AndroidManifest.xml:18:5-81
	android:name
		ADDED from src\main\AndroidManifest.xml:18:22-78
uses-permission#android.permission.RECEIVE_BOOT_COMPLETED
ADDED from src\main\AndroidManifest.xml:19:2-78
	android:name
		ADDED from src\main\AndroidManifest.xml:19:19-75
uses-permission#com.android.launcher.permission.INSTALL_SHORTCUT
ADDED from src\main\AndroidManifest.xml:20:1-84
	android:name
		ADDED from src\main\AndroidManifest.xml:20:18-81
uses-permission#android.permission.VIBRATE
ADDED from src\main\AndroidManifest.xml:21:3-64
	android:name
		ADDED from src\main\AndroidManifest.xml:21:20-61
uses-permission#android.permission.ACCESS_NETWORK_STATE
ADDED from src\main\AndroidManifest.xml:22:2-76
	android:name
		ADDED from src\main\AndroidManifest.xml:22:19-73
uses-permission#android.permission.READ_PHONE_STATE
ADDED from src\main\AndroidManifest.xml:23:5-75
	android:name
		ADDED from src\main\AndroidManifest.xml:23:22-72
application
ADDED from src\main\AndroidManifest.xml:27:5-166:19
	android:label
		ADDED from src\main\AndroidManifest.xml:30:9-41
	android:allowBackup
		ADDED from src\main\AndroidManifest.xml:28:9-35
	android:icon
		ADDED from src\main\AndroidManifest.xml:29:9-45
	android:theme
		ADDED from src\main\AndroidManifest.xml:31:9-67
activity#com.c4n.cookbook.Splash
ADDED from src\main\AndroidManifest.xml:32:9-41:20
	android:screenOrientation
		ADDED from src\main\AndroidManifest.xml:35:13-49
	android:label
		ADDED from src\main\AndroidManifest.xml:34:13-45
	android:name
		ADDED from src\main\AndroidManifest.xml:33:13-35
intent-filter#android.intent.action.MAIN+android.intent.category.LAUNCHER
ADDED from src\main\AndroidManifest.xml:36:13-40:29
action#android.intent.action.MAIN
ADDED from src\main\AndroidManifest.xml:37:17-69
	android:name
		ADDED from src\main\AndroidManifest.xml:37:25-66
category#android.intent.category.LAUNCHER
ADDED from src\main\AndroidManifest.xml:39:17-77
	android:name
		ADDED from src\main\AndroidManifest.xml:39:27-74
meta-data#com.airpush.android.APPID
ADDED from src\main\AndroidManifest.xml:43:9-45:38
	android:value
		ADDED from src\main\AndroidManifest.xml:45:13-35
	android:name
		ADDED from src\main\AndroidManifest.xml:44:13-53
meta-data#com.airpush.android.APIKEY
ADDED from src\main\AndroidManifest.xml:46:9-48:51
	android:value
		ADDED from src\main\AndroidManifest.xml:48:13-48
	android:name
		ADDED from src\main\AndroidManifest.xml:47:13-54
activity#com.airpush.android.OptinActivity
ADDED from src\main\AndroidManifest.xml:51:9-55:64
	android:exported
		ADDED from src\main\AndroidManifest.xml:54:13-37
	android:configChanges
		ADDED from src\main\AndroidManifest.xml:53:13-63
	android:theme
		ADDED from src\main\AndroidManifest.xml:55:13-61
	android:name
		ADDED from src\main\AndroidManifest.xml:52:13-61
service#com.airpush.android.PushService
ADDED from src\main\AndroidManifest.xml:58:9-60:40
	android:exported
		ADDED from src\main\AndroidManifest.xml:60:13-37
	android:name
		ADDED from src\main\AndroidManifest.xml:59:13-59
receiver#com.airpush.android.BootReceiver
ADDED from src\main\AndroidManifest.xml:62:9-70:20
	android:exported
		ADDED from src\main\AndroidManifest.xml:64:13-37
	android:name
		ADDED from src\main\AndroidManifest.xml:63:13-60
intent-filter#android.intent.action.BOOT_COMPLETED+android.intent.category.HOME
ADDED from src\main\AndroidManifest.xml:65:13-69:29
action#android.intent.action.BOOT_COMPLETED
ADDED from src\main\AndroidManifest.xml:66:17-79
	android:name
		ADDED from src\main\AndroidManifest.xml:66:25-76
category#android.intent.category.HOME
ADDED from src\main\AndroidManifest.xml:68:17-73
	android:name
		ADDED from src\main\AndroidManifest.xml:68:27-70
activity#com.airpush.android.SmartWallActivity
ADDED from src\main\AndroidManifest.xml:74:9-77:47
	android:launchMode
		ADDED from src\main\AndroidManifest.xml:77:13-44
	android:configChanges
		ADDED from src\main\AndroidManifest.xml:76:13-63
	android:name
		ADDED from src\main\AndroidManifest.xml:75:13-65
activity#com.c4n.cookbook.ItemDetail
ADDED from src\main\AndroidManifest.xml:80:9-83:20
	android:screenOrientation
		ADDED from src\main\AndroidManifest.xml:82:13-49
	android:name
		ADDED from src\main\AndroidManifest.xml:81:13-39
activity#com.c4n.cookbook.ReviewTabGroup
ADDED from src\main\AndroidManifest.xml:85:10-88:20
	android:screenOrientation
		ADDED from src\main\AndroidManifest.xml:87:13-49
	android:name
		ADDED from src\main\AndroidManifest.xml:86:13-43
activity#com.c4n.cookbook.TabSample
ADDED from src\main\AndroidManifest.xml:90:9-93:20
	android:screenOrientation
		ADDED from src\main\AndroidManifest.xml:92:13-49
	android:name
		ADDED from src\main\AndroidManifest.xml:91:13-38
activity#com.c4n.cookbook.Searchbar
ADDED from src\main\AndroidManifest.xml:94:9-97:20
	android:screenOrientation
		ADDED from src\main\AndroidManifest.xml:96:13-49
	android:name
		ADDED from src\main\AndroidManifest.xml:95:13-38
activity#com.c4n.cookbook.About
ADDED from src\main\AndroidManifest.xml:98:9-101:20
	android:screenOrientation
		ADDED from src\main\AndroidManifest.xml:100:13-49
	android:name
		ADDED from src\main\AndroidManifest.xml:99:13-34
activity#com.c4n.cookbook.ListItemName
ADDED from src\main\AndroidManifest.xml:102:9-105:20
	android:screenOrientation
		ADDED from src\main\AndroidManifest.xml:104:13-49
	android:name
		ADDED from src\main\AndroidManifest.xml:103:13-41
activity#com.c4n.cookbook.Contact
ADDED from src\main\AndroidManifest.xml:106:9-109:20
	android:screenOrientation
		ADDED from src\main\AndroidManifest.xml:108:13-49
	android:name
		ADDED from src\main\AndroidManifest.xml:107:13-36
activity#com.c4n.cookbook.CookJson
ADDED from src\main\AndroidManifest.xml:110:9-113:20
	android:screenOrientation
		ADDED from src\main\AndroidManifest.xml:112:13-49
	android:name
		ADDED from src\main\AndroidManifest.xml:111:13-37
activity#com.c4n.cookbook.WorkoutTabGroup
ADDED from src\main\AndroidManifest.xml:114:9-117:20
	android:screenOrientation
		ADDED from src\main\AndroidManifest.xml:116:13-49
	android:name
		ADDED from src\main\AndroidManifest.xml:115:13-44
activity#com.c4n.cookbook.WorkoutTabGroupActivity
ADDED from src\main\AndroidManifest.xml:118:9-121:20
	android:screenOrientation
		ADDED from src\main\AndroidManifest.xml:120:13-49
	android:name
		ADDED from src\main\AndroidManifest.xml:119:13-52
activity#com.c4n.cookbook.Listworkouttab
ADDED from src\main\AndroidManifest.xml:122:9-125:20
	android:screenOrientation
		ADDED from src\main\AndroidManifest.xml:124:13-49
	android:name
		ADDED from src\main\AndroidManifest.xml:123:13-43
activity#com.c4n.cookbook.Details
ADDED from src\main\AndroidManifest.xml:126:9-129:20
	android:screenOrientation
		ADDED from src\main\AndroidManifest.xml:128:13-49
	android:name
		ADDED from src\main\AndroidManifest.xml:127:13-36
activity#com.c4n.cookbook.Favorate
ADDED from src\main\AndroidManifest.xml:130:9-133:20
	android:screenOrientation
		ADDED from src\main\AndroidManifest.xml:132:13-49
	android:name
		ADDED from src\main\AndroidManifest.xml:131:13-37
activity#com.c4n.cookbook.tab.GroupHome
ADDED from src\main\AndroidManifest.xml:134:9-137:20
	android:screenOrientation
		ADDED from src\main\AndroidManifest.xml:136:13-49
	android:name
		ADDED from src\main\AndroidManifest.xml:135:13-42
activity#com.c4n.cookbook.ViewReview
ADDED from src\main\AndroidManifest.xml:138:9-141:20
	android:screenOrientation
		ADDED from src\main\AndroidManifest.xml:140:13-49
	android:name
		ADDED from src\main\AndroidManifest.xml:139:13-39
activity#com.c4n.cookbook.tab.CustomTabActivity
ADDED from src\main\AndroidManifest.xml:142:9-145:20
	android:screenOrientation
		ADDED from src\main\AndroidManifest.xml:144:13-49
	android:name
		ADDED from src\main\AndroidManifest.xml:143:13-50
activity#com.c4n.cookbook.tab.GroupAccount
ADDED from src\main\AndroidManifest.xml:146:9-149:20
	android:screenOrientation
		ADDED from src\main\AndroidManifest.xml:148:13-49
	android:name
		ADDED from src\main\AndroidManifest.xml:147:13-45
activity#com.c4n.cookbook.tab.GroupCart
ADDED from src\main\AndroidManifest.xml:150:9-153:20
	android:screenOrientation
		ADDED from src\main\AndroidManifest.xml:152:13-49
	android:name
		ADDED from src\main\AndroidManifest.xml:151:13-42
activity#com.c4n.cookbook.tab.GroupSearch
ADDED from src\main\AndroidManifest.xml:154:9-157:20
	android:screenOrientation
		ADDED from src\main\AndroidManifest.xml:156:13-49
	android:name
		ADDED from src\main\AndroidManifest.xml:155:13-44
activity#com.c4n.cookbook.AboutTabGroup
ADDED from src\main\AndroidManifest.xml:158:9-161:20
	android:screenOrientation
		ADDED from src\main\AndroidManifest.xml:160:13-49
	android:name
		ADDED from src\main\AndroidManifest.xml:159:13-42
activity#com.c4n.cookbook.ContactTabGroup
ADDED from src\main\AndroidManifest.xml:162:9-165:20
	android:screenOrientation
		ADDED from src\main\AndroidManifest.xml:164:13-49
	android:name
		ADDED from src\main\AndroidManifest.xml:163:13-44